[debug] [2024-11-21T08:09:33.666Z] ----------------------------------------------------------------------
[debug] [2024-11-21T08:09:33.670Z] Command:       C:\Program Files\nodejs\node.exe C:\Users\vitor\AppData\Roaming\npm\node_modules\firebase-tools\lib\bin\firebase.js init
[debug] [2024-11-21T08:09:33.671Z] CLI Version:   13.26.0
[debug] [2024-11-21T08:09:33.671Z] Platform:      win32
[debug] [2024-11-21T08:09:33.671Z] Node Version:  v22.4.1
[debug] [2024-11-21T08:09:33.672Z] Time:          Thu Nov 21 2024 05:09:33 GMT-0300 (Horário Padrão de Brasília)
[debug] [2024-11-21T08:09:33.672Z] ----------------------------------------------------------------------
[debug] 
[debug] [2024-11-21T08:09:33.684Z] > command requires scopes: ["email","openid","https://www.googleapis.com/auth/cloudplatformprojects.readonly","https://www.googleapis.com/auth/firebase","https://www.googleapis.com/auth/cloud-platform"]
[debug] [2024-11-21T08:09:33.685Z] > authorizing via signed-in user (vitorhugooficial621@gmail.com)
[info] 
     ######## #### ########  ######## ########     ###     ######  ########
     ##        ##  ##     ## ##       ##     ##  ##   ##  ##       ##
     ######    ##  ########  ######   ########  #########  ######  ######
     ##        ##  ##    ##  ##       ##     ## ##     ##       ## ##
     ##       #### ##     ## ######## ########  ##     ##  ######  ########

You're about to initialize a Firebase project in this directory:

  C:\Repositorios\ZilloCine

Before we get started, keep in mind:

  * You are currently outside your home directory

